<?xml version="1.0" encoding="UTF-8"?>
<!-- Generated by org.testng.reporters.JUnitXMLReporter -->
<testsuite ignored="1" hostname="DESKTOP-V6QH7CG" failures="0" tests="1" name="Default test(failed)" time="20.929" errors="0" timestamp="2021-10-02T14:27:10 IDT">
  <testcase classname="Tests.HomeDelivery" name="CityValidTest" time="10.788"/>
  <testcase classname="Tests.HomeDelivery" name="CityNotValidTest" time="0.0">
    <ignored/>
  </testcase> <!-- CityNotValidTest -->
</testsuite> <!-- Default test(failed) -->
