<?xml version="1.0" encoding="UTF-8"?>
<!-- Generated by org.testng.reporters.JUnitXMLReporter -->
<testsuite ignored="3" hostname="DESKTOP-V6QH7CG" failures="0" tests="4" name="Default test" time="27.679" errors="0" timestamp="2021-10-16T16:51:57 IDT">
  <testcase classname="Tests.HomeDelivery" name="CityValidTest" time="12.041"/>
  <testcase classname="Tests.HomeDelivery" name="AddMeal_1Test" time="3.856"/>
  <testcase classname="Tests.HomeDelivery" name="AddMeal_2Test" time="2.792"/>
  <testcase classname="Tests.HomeDelivery" name="CleanCartTest" time="0.258"/>
  <testcase classname="Tests.HomeDelivery" name="RemoveItemTest" time="0.0">
    <ignored/>
  </testcase> <!-- RemoveItemTest -->
  <testcase classname="Tests.HomeDelivery" name="CityNotValidTest" time="0.0">
    <ignored/>
  </testcase> <!-- CityNotValidTest -->
  <testcase classname="Tests.HomeDelivery" name="ChangeMealDetailTest" time="0.0">
    <ignored/>
  </testcase> <!-- ChangeMealDetailTest -->
</testsuite> <!-- Default test -->
