<?xml version="1.0" encoding="UTF-8"?>
<!-- Generated by org.testng.reporters.JUnitXMLReporter -->
<testsuite ignored="1" hostname="DESKTOP-V6QH7CG" failures="0" tests="1" name="Default test" time="19.186" errors="0" timestamp="2021-09-30T20:41:34 IDT">
  <testcase classname="Tests.HomeDelivery" name="CityValidTest" time="11.133"/>
  <testcase classname="Tests.HomeDelivery" name="CityNotValidTest" time="0.0">
    <ignored/>
  </testcase> <!-- CityNotValidTest -->
</testsuite> <!-- Default test -->
