<?xml version="1.0" encoding="UTF-8"?>
<!-- Generated by org.testng.reporters.JUnitXMLReporter -->
<testsuite ignored="1" hostname="DESKTOP-V6QH7CG" failures="0" tests="2" name="Default test" time="22.218" errors="0" timestamp="2021-10-02T21:43:40 IDT">
  <testcase classname="Tests.HomeDelivery" name="CityValidTest" time="11.717"/>
  <testcase classname="Tests.HomeDelivery" name="AddMeal_1" time="2.586"/>
  <testcase classname="Tests.HomeDelivery" name="CityNotValidTest" time="0.0">
    <ignored/>
  </testcase> <!-- CityNotValidTest -->
</testsuite> <!-- Default test -->
