<?xml version="1.0" encoding="UTF-8"?>
<!-- Generated by org.testng.reporters.JUnitXMLReporter -->
<testsuite ignored="1" hostname="DESKTOP-V6QH7CG" failures="0" tests="4" name="Default test" time="30.708" errors="0" timestamp="2021-10-10T23:05:20 IDT">
  <testcase classname="Tests.HomeDelivery" name="CityValidTest" time="12.506"/>
  <testcase classname="Tests.HomeDelivery" name="AddMeal_1Test" time="3.883"/>
  <testcase classname="Tests.HomeDelivery" name="AddMeal_2Test" time="3.707"/>
  <testcase classname="Tests.HomeDelivery" name="ChangeMealDetailTest" time="3.56"/>
  <testcase classname="Tests.HomeDelivery" name="CityNotValidTest" time="0.0">
    <ignored/>
  </testcase> <!-- CityNotValidTest -->
</testsuite> <!-- Default test -->
