<?xml version="1.0" encoding="UTF-8"?>
<!-- Generated by org.testng.reporters.JUnitXMLReporter -->
<testsuite ignored="1" hostname="DESKTOP-V6QH7CG" failures="0" tests="2" name="Test4" time="22.367" errors="0" timestamp="2021-10-02T22:02:38 IDT">
  <testcase classname="Tests.HomeDelivery" name="CityValidTest" time="12.404"/>
  <testcase classname="Tests.HomeDelivery" name="AddMeal_1" time="2.097"/>
  <testcase classname="Tests.HomeDelivery" name="CityNotValidTest" time="0.0">
    <ignored/>
  </testcase> <!-- CityNotValidTest -->
</testsuite> <!-- Test4 -->
