<?xml version="1.0" encoding="UTF-8"?>
<testng-results ignored="0" total="1" passed="1" failed="0" skipped="0">
  <reporter-output>
  </reporter-output>
  <suite started-at="2021-09-08T15:21:08 IDT" name="Default suite" finished-at="2021-09-08T15:21:18 IDT" duration-ms="10403">
    <groups>
    </groups>
    <test started-at="2021-09-08T15:21:08 IDT" name="Default test" finished-at="2021-09-08T15:21:18 IDT" duration-ms="10403">
      <class name="Japanika.JapanikaRun">
        <test-method is-config="true" signature="beforeClass()[pri:0, instance:Japanika.JapanikaRun@72f926e6]" started-at="2021-09-08T15:21:08 IDT" name="beforeClass" finished-at="2021-09-08T15:21:14 IDT" duration-ms="6015" status="PASS">
          <reporter-output>
          </reporter-output>
        </test-method> <!-- beforeClass -->
        <test-method signature="test1()[pri:0, instance:Japanika.JapanikaRun@72f926e6]" started-at="2021-09-08T15:21:14 IDT" name="test1" finished-at="2021-09-08T15:21:17 IDT" duration-ms="3168" status="PASS">
          <reporter-output>
          </reporter-output>
        </test-method> <!-- test1 -->
        <test-method is-config="true" signature="afterClass()[pri:0, instance:Japanika.JapanikaRun@72f926e6]" started-at="2021-09-08T15:21:17 IDT" name="afterClass" finished-at="2021-09-08T15:21:18 IDT" duration-ms="1156" status="PASS">
          <reporter-output>
          </reporter-output>
        </test-method> <!-- afterClass -->
      </class> <!-- Japanika.JapanikaRun -->
    </test> <!-- Default test -->
  </suite> <!-- Default suite -->
</testng-results>
