<?xml version="1.0" encoding="UTF-8"?>
<testng-results ignored="0" total="1" passed="1" failed="0" skipped="0">
  <reporter-output>
  </reporter-output>
  <suite started-at="2021-09-28T13:56:40 IDT" name="Default suite" finished-at="2021-09-28T13:56:48 IDT" duration-ms="8258">
    <groups>
    </groups>
    <test started-at="2021-09-28T13:56:40 IDT" name="Default test" finished-at="2021-09-28T13:56:48 IDT" duration-ms="8258">
      <class name="Tests.HomeDelivery">
        <test-method is-config="true" signature="beforeClass()[pri:0, instance:Tests.HomeDelivery@15c43bd9]" started-at="2021-09-28T13:56:40 IDT" name="beforeClass" finished-at="2021-09-28T13:56:45 IDT" duration-ms="5735" status="PASS">
          <reporter-output>
          </reporter-output>
        </test-method> <!-- beforeClass -->
        <test-method signature="CityNotValidTest()[pri:0, instance:Tests.HomeDelivery@15c43bd9]" started-at="2021-09-28T13:56:45 IDT" name="CityNotValidTest" finished-at="2021-09-28T13:56:46 IDT" duration-ms="525" status="PASS">
          <reporter-output>
          </reporter-output>
        </test-method> <!-- CityNotValidTest -->
        <test-method is-config="true" signature="afterClass()[pri:0, instance:Tests.HomeDelivery@15c43bd9]" started-at="2021-09-28T13:56:46 IDT" name="afterClass" finished-at="2021-09-28T13:56:48 IDT" duration-ms="1951" status="PASS">
          <reporter-output>
          </reporter-output>
        </test-method> <!-- afterClass -->
      </class> <!-- Tests.HomeDelivery -->
    </test> <!-- Default test -->
  </suite> <!-- Default suite -->
</testng-results>
