<?xml version="1.0" encoding="UTF-8"?>
<testng-results ignored="0" total="9" passed="7" failed="2" skipped="0">
  <reporter-output>
  </reporter-output>
  <suite started-at="2021-10-20T22:56:04 IDT" name="Testing Japanika" finished-at="2021-10-20T22:57:00 IDT" duration-ms="55581">
    <groups>
    </groups>
    <test started-at="2021-10-20T22:56:04 IDT" name="Test1" finished-at="2021-10-20T22:56:23 IDT" duration-ms="18592">
      <class name="Tests.ChatOnLine">
        <test-method is-config="true" signature="beforeClass()[pri:0, instance:Tests.ChatOnLine@41e36e46]" started-at="2021-10-20T22:56:04 IDT" name="beforeClass" finished-at="2021-10-20T22:56:10 IDT" duration-ms="5470" status="PASS">
          <reporter-output>
          </reporter-output>
        </test-method> <!-- beforeClass -->
        <test-method signature="ChatOnLineTest()[pri:0, instance:Tests.ChatOnLine@41e36e46]" started-at="2021-10-20T22:56:10 IDT" name="ChatOnLineTest" finished-at="2021-10-20T22:56:21 IDT" duration-ms="11151" status="FAIL">
          <exception class="java.lang.AssertionError">
            <message>
              <![CDATA[expected [2] but found [1]]]>
            </message>
            <full-stacktrace>
              <![CDATA[java.lang.AssertionError: expected [2] but found [1]
at org.testng.Assert.fail(Assert.java:99)
at org.testng.Assert.failNotEquals(Assert.java:1037)
at org.testng.Assert.assertEqualsImpl(Assert.java:140)
at org.testng.Assert.assertEquals(Assert.java:122)
at org.testng.Assert.assertEquals(Assert.java:629)
at org.testng.Assert.assertEquals(Assert.java:639)
at Japanika.Functions.IdentifyChat(Functions.java:21)
at Tests.ChatOnLine.ChatOnLineTest(ChatOnLine.java:46)
at java.base/jdk.internal.reflect.NativeMethodAccessorImpl.invoke0(Native Method)
at java.base/jdk.internal.reflect.NativeMethodAccessorImpl.invoke(NativeMethodAccessorImpl.java:78)
at java.base/jdk.internal.reflect.DelegatingMethodAccessorImpl.invoke(DelegatingMethodAccessorImpl.java:43)
at java.base/java.lang.reflect.Method.invoke(Method.java:567)
at org.testng.internal.MethodInvocationHelper.invokeMethod(MethodInvocationHelper.java:133)
at org.testng.internal.TestInvoker.invokeMethod(TestInvoker.java:598)
at org.testng.internal.TestInvoker.invokeTestMethod(TestInvoker.java:173)
at org.testng.internal.MethodRunner.runInSequence(MethodRunner.java:46)
at org.testng.internal.TestInvoker$MethodInvocationAgent.invoke(TestInvoker.java:824)
at org.testng.internal.TestInvoker.invokeTestMethods(TestInvoker.java:146)
at org.testng.internal.TestMethodWorker.invokeTestMethods(TestMethodWorker.java:146)
at org.testng.internal.TestMethodWorker.run(TestMethodWorker.java:128)
at java.base/java.util.ArrayList.forEach(ArrayList.java:1511)
at org.testng.TestRunner.privateRun(TestRunner.java:794)
at org.testng.TestRunner.run(TestRunner.java:596)
at org.testng.SuiteRunner.runTest(SuiteRunner.java:377)
at org.testng.SuiteRunner.runSequentially(SuiteRunner.java:371)
at org.testng.SuiteRunner.privateRun(SuiteRunner.java:332)
at org.testng.SuiteRunner.run(SuiteRunner.java:276)
at org.testng.SuiteRunnerWorker.runSuite(SuiteRunnerWorker.java:53)
at org.testng.SuiteRunnerWorker.run(SuiteRunnerWorker.java:96)
at org.testng.TestNG.runSuitesSequentially(TestNG.java:1212)
at org.testng.TestNG.runSuitesLocally(TestNG.java:1134)
at org.testng.TestNG.runSuites(TestNG.java:1063)
at org.testng.TestNG.run(TestNG.java:1031)
at org.testng.remote.AbstractRemoteTestNG.run(AbstractRemoteTestNG.java:115)
at org.testng.remote.RemoteTestNG.initAndRun(RemoteTestNG.java:251)
at org.testng.remote.RemoteTestNG.main(RemoteTestNG.java:77)
]]>
            </full-stacktrace>
          </exception> <!-- java.lang.AssertionError -->
          <reporter-output>
          </reporter-output>
        </test-method> <!-- ChatOnLineTest -->
        <test-method is-config="true" signature="afterClass()[pri:0, instance:Tests.ChatOnLine@41e36e46]" started-at="2021-10-20T22:56:21 IDT" name="afterClass" finished-at="2021-10-20T22:56:23 IDT" duration-ms="1911" status="PASS">
          <reporter-output>
          </reporter-output>
        </test-method> <!-- afterClass -->
      </class> <!-- Tests.ChatOnLine -->
    </test> <!-- Test1 -->
    <test started-at="2021-10-20T22:56:23 IDT" name="Test2-Test9" finished-at="2021-10-20T22:57:00 IDT" duration-ms="36939">
      <class name="Tests.HomeDelivery">
        <test-method is-config="true" signature="BeforeClass()[pri:0, instance:Tests.HomeDelivery@8dbdac1]" started-at="2021-10-20T22:56:23 IDT" name="BeforeClass" finished-at="2021-10-20T22:56:27 IDT" duration-ms="4078" status="PASS">
          <reporter-output>
          </reporter-output>
        </test-method> <!-- BeforeClass -->
        <test-method signature="CityNotValidTest()[pri:1, instance:Tests.HomeDelivery@8dbdac1]" started-at="2021-10-20T22:56:27 IDT" name="CityNotValidTest" finished-at="2021-10-20T22:56:28 IDT" duration-ms="745" status="FAIL">
          <exception class="java.lang.AssertionError">
            <message>
              <![CDATA[expected [2] but found [1]]]>
            </message>
            <full-stacktrace>
              <![CDATA[java.lang.AssertionError: expected [2] but found [1]
at org.testng.Assert.fail(Assert.java:99)
at org.testng.Assert.failNotEquals(Assert.java:1037)
at org.testng.Assert.assertEqualsImpl(Assert.java:140)
at org.testng.Assert.assertEquals(Assert.java:122)
at org.testng.Assert.assertEquals(Assert.java:629)
at org.testng.Assert.assertEquals(Assert.java:639)
at Japanika.Functions.HomeDeliveryNotValid(Functions.java:36)
at Tests.HomeDelivery.CityNotValidTest(HomeDelivery.java:67)
at java.base/jdk.internal.reflect.NativeMethodAccessorImpl.invoke0(Native Method)
at java.base/jdk.internal.reflect.NativeMethodAccessorImpl.invoke(NativeMethodAccessorImpl.java:78)
at java.base/jdk.internal.reflect.DelegatingMethodAccessorImpl.invoke(DelegatingMethodAccessorImpl.java:43)
at java.base/java.lang.reflect.Method.invoke(Method.java:567)
at org.testng.internal.MethodInvocationHelper.invokeMethod(MethodInvocationHelper.java:133)
at org.testng.internal.TestInvoker.invokeMethod(TestInvoker.java:598)
at org.testng.internal.TestInvoker.invokeTestMethod(TestInvoker.java:173)
at org.testng.internal.MethodRunner.runInSequence(MethodRunner.java:46)
at org.testng.internal.TestInvoker$MethodInvocationAgent.invoke(TestInvoker.java:824)
at org.testng.internal.TestInvoker.invokeTestMethods(TestInvoker.java:146)
at org.testng.internal.TestMethodWorker.invokeTestMethods(TestMethodWorker.java:146)
at org.testng.internal.TestMethodWorker.run(TestMethodWorker.java:128)
at java.base/java.util.ArrayList.forEach(ArrayList.java:1511)
at org.testng.TestRunner.privateRun(TestRunner.java:794)
at org.testng.TestRunner.run(TestRunner.java:596)
at org.testng.SuiteRunner.runTest(SuiteRunner.java:377)
at org.testng.SuiteRunner.runSequentially(SuiteRunner.java:371)
at org.testng.SuiteRunner.privateRun(SuiteRunner.java:332)
at org.testng.SuiteRunner.run(SuiteRunner.java:276)
at org.testng.SuiteRunnerWorker.runSuite(SuiteRunnerWorker.java:53)
at org.testng.SuiteRunnerWorker.run(SuiteRunnerWorker.java:96)
at org.testng.TestNG.runSuitesSequentially(TestNG.java:1212)
at org.testng.TestNG.runSuitesLocally(TestNG.java:1134)
at org.testng.TestNG.runSuites(TestNG.java:1063)
at org.testng.TestNG.run(TestNG.java:1031)
at org.testng.remote.AbstractRemoteTestNG.run(AbstractRemoteTestNG.java:115)
at org.testng.remote.RemoteTestNG.initAndRun(RemoteTestNG.java:251)
at org.testng.remote.RemoteTestNG.main(RemoteTestNG.java:77)
]]>
            </full-stacktrace>
          </exception> <!-- java.lang.AssertionError -->
          <reporter-output>
          </reporter-output>
        </test-method> <!-- CityNotValidTest -->
        <test-method signature="CityValidTest()[pri:2, instance:Tests.HomeDelivery@8dbdac1]" started-at="2021-10-20T22:56:28 IDT" name="CityValidTest" finished-at="2021-10-20T22:56:39 IDT" duration-ms="11579" status="PASS">
          <reporter-output>
          </reporter-output>
        </test-method> <!-- CityValidTest -->
        <test-method signature="AddMeal_1Test()[pri:3, instance:Tests.HomeDelivery@8dbdac1]" started-at="2021-10-20T22:56:39 IDT" name="AddMeal_1Test" finished-at="2021-10-20T22:56:44 IDT" depends-on-methods="Tests.HomeDelivery.CityValidTest" duration-ms="4323" status="PASS">
          <reporter-output>
          </reporter-output>
        </test-method> <!-- AddMeal_1Test -->
        <test-method signature="AddMeal_2Test()[pri:4, instance:Tests.HomeDelivery@8dbdac1]" started-at="2021-10-20T22:56:44 IDT" name="AddMeal_2Test" finished-at="2021-10-20T22:56:46 IDT" depends-on-methods="Tests.HomeDelivery.AddMeal_1Test" duration-ms="2634" status="PASS">
          <reporter-output>
          </reporter-output>
        </test-method> <!-- AddMeal_2Test -->
        <test-method signature="ChangeMealDetailTest()[pri:5, instance:Tests.HomeDelivery@8dbdac1]" started-at="2021-10-20T22:56:46 IDT" name="ChangeMealDetailTest" finished-at="2021-10-20T22:56:51 IDT" depends-on-methods="Tests.HomeDelivery.AddMeal_2Test" duration-ms="4660" status="PASS">
          <reporter-output>
          </reporter-output>
        </test-method> <!-- ChangeMealDetailTest -->
        <test-method signature="RemoveItemTest()[pri:6, instance:Tests.HomeDelivery@8dbdac1]" started-at="2021-10-20T22:56:51 IDT" name="RemoveItemTest" finished-at="2021-10-20T22:56:53 IDT" depends-on-methods="Tests.HomeDelivery.AddMeal_2Test" duration-ms="2291" status="PASS">
          <reporter-output>
          </reporter-output>
        </test-method> <!-- RemoveItemTest -->
        <test-method signature="CleanCartTest()[pri:7, instance:Tests.HomeDelivery@8dbdac1]" started-at="2021-10-20T22:56:53 IDT" name="CleanCartTest" finished-at="2021-10-20T22:56:53 IDT" depends-on-methods="Tests.HomeDelivery.AddMeal_2Test" duration-ms="272" status="PASS">
          <reporter-output>
          </reporter-output>
        </test-method> <!-- CleanCartTest -->
        <test-method signature="MinimumOrder()[pri:8, instance:Tests.HomeDelivery@8dbdac1]" started-at="2021-10-20T22:56:53 IDT" name="MinimumOrder" finished-at="2021-10-20T22:56:59 IDT" depends-on-methods="Tests.HomeDelivery.CleanCartTest" duration-ms="5255" status="PASS">
          <reporter-output>
          </reporter-output>
        </test-method> <!-- MinimumOrder -->
        <test-method is-config="true" signature="afterClass()[pri:0, instance:Tests.HomeDelivery@8dbdac1]" started-at="2021-10-20T22:56:59 IDT" name="afterClass" finished-at="2021-10-20T22:57:00 IDT" duration-ms="1071" status="PASS">
          <reporter-output>
          </reporter-output>
        </test-method> <!-- afterClass -->
      </class> <!-- Tests.HomeDelivery -->
    </test> <!-- Test2-Test9 -->
  </suite> <!-- Testing Japanika -->
</testng-results>
