<?xml version="1.0" encoding="UTF-8"?>
<testng-results ignored="1" total="5" passed="4" failed="0" skipped="0">
  <reporter-output>
  </reporter-output>
  <suite started-at="2021-10-10T23:04:50 IDT" name="Default suite" finished-at="2021-10-10T23:05:20 IDT" duration-ms="30708">
    <groups>
    </groups>
    <test started-at="2021-10-10T23:04:50 IDT" name="Default test" finished-at="2021-10-10T23:05:20 IDT" duration-ms="30708">
      <class name="Tests.HomeDelivery">
        <test-method is-config="true" signature="BeforeClass()[pri:0, instance:Tests.HomeDelivery@72f926e6]" started-at="2021-10-10T23:04:50 IDT" name="BeforeClass" finished-at="2021-10-10T23:04:55 IDT" duration-ms="5446" status="PASS">
          <reporter-output>
          </reporter-output>
        </test-method> <!-- BeforeClass -->
        <test-method signature="CityValidTest()[pri:2, instance:Tests.HomeDelivery@72f926e6]" started-at="2021-10-10T23:04:55 IDT" name="CityValidTest" finished-at="2021-10-10T23:05:08 IDT" duration-ms="12506" status="PASS">
          <reporter-output>
          </reporter-output>
        </test-method> <!-- CityValidTest -->
        <test-method signature="AddMeal_1Test()[pri:3, instance:Tests.HomeDelivery@72f926e6]" started-at="2021-10-10T23:05:08 IDT" name="AddMeal_1Test" finished-at="2021-10-10T23:05:12 IDT" depends-on-methods="Tests.HomeDelivery.CityValidTest" duration-ms="3883" status="PASS">
          <reporter-output>
          </reporter-output>
        </test-method> <!-- AddMeal_1Test -->
        <test-method signature="AddMeal_2Test()[pri:4, instance:Tests.HomeDelivery@72f926e6]" started-at="2021-10-10T23:05:12 IDT" name="AddMeal_2Test" finished-at="2021-10-10T23:05:15 IDT" depends-on-methods="Tests.HomeDelivery.AddMeal_1Test" duration-ms="3707" status="PASS">
          <reporter-output>
          </reporter-output>
        </test-method> <!-- AddMeal_2Test -->
        <test-method signature="ChangeMealDetailTest()[pri:5, instance:Tests.HomeDelivery@72f926e6]" started-at="2021-10-10T23:05:15 IDT" name="ChangeMealDetailTest" finished-at="2021-10-10T23:05:19 IDT" depends-on-methods="Tests.HomeDelivery.AddMeal_2Test" duration-ms="3560" status="PASS">
          <reporter-output>
          </reporter-output>
        </test-method> <!-- ChangeMealDetailTest -->
        <test-method is-config="true" signature="afterClass()[pri:0, instance:Tests.HomeDelivery@72f926e6]" started-at="2021-10-10T23:05:19 IDT" name="afterClass" finished-at="2021-10-10T23:05:20 IDT" duration-ms="1542" status="PASS">
          <reporter-output>
          </reporter-output>
        </test-method> <!-- afterClass -->
      </class> <!-- Tests.HomeDelivery -->
    </test> <!-- Default test -->
  </suite> <!-- Default suite -->
</testng-results>
