<?xml version="1.0" encoding="UTF-8"?>
<testng-results ignored="0" total="1" passed="1" failed="0" skipped="0">
  <reporter-output>
  </reporter-output>
  <suite started-at="2021-09-21T14:47:33 IDT" name="Default suite" finished-at="2021-09-21T14:47:46 IDT" duration-ms="12513">
    <groups>
    </groups>
    <test started-at="2021-09-21T14:47:33 IDT" name="Default test" finished-at="2021-09-21T14:47:46 IDT" duration-ms="12513">
      <class name="Tests.ChatOnLine">
        <test-method is-config="true" signature="beforeClass()[pri:0, instance:Tests.ChatOnLine@15c43bd9]" started-at="2021-09-21T14:47:33 IDT" name="beforeClass" finished-at="2021-09-21T14:47:40 IDT" duration-ms="6392" status="PASS">
          <reporter-output>
          </reporter-output>
        </test-method> <!-- beforeClass -->
        <test-method signature="ChatOnLineTest()[pri:0, instance:Tests.ChatOnLine@15c43bd9]" started-at="2021-09-21T14:47:40 IDT" name="ChatOnLineTest" finished-at="2021-09-21T14:47:43 IDT" duration-ms="3036" status="PASS">
          <reporter-output>
          </reporter-output>
        </test-method> <!-- ChatOnLineTest -->
        <test-method is-config="true" signature="afterClass()[pri:0, instance:Tests.ChatOnLine@15c43bd9]" started-at="2021-09-21T14:47:43 IDT" name="afterClass" finished-at="2021-09-21T14:47:46 IDT" duration-ms="3029" status="PASS">
          <reporter-output>
          </reporter-output>
        </test-method> <!-- afterClass -->
      </class> <!-- Tests.ChatOnLine -->
    </test> <!-- Default test -->
  </suite> <!-- Default suite -->
</testng-results>
