<?xml version="1.0" encoding="UTF-8"?>
<testng-results ignored="3" total="7" passed="4" failed="0" skipped="0">
  <reporter-output>
  </reporter-output>
  <suite started-at="2021-10-16T16:51:29 IDT" name="Default suite" finished-at="2021-10-16T16:51:57 IDT" duration-ms="27679">
    <groups>
    </groups>
    <test started-at="2021-10-16T16:51:29 IDT" name="Default test" finished-at="2021-10-16T16:51:57 IDT" duration-ms="27679">
      <class name="Tests.HomeDelivery">
        <test-method is-config="true" signature="BeforeClass()[pri:0, instance:Tests.HomeDelivery@31c88ec8]" started-at="2021-10-16T16:51:29 IDT" name="BeforeClass" finished-at="2021-10-16T16:51:36 IDT" duration-ms="7129" status="PASS">
          <reporter-output>
          </reporter-output>
        </test-method> <!-- BeforeClass -->
        <test-method signature="CityValidTest()[pri:2, instance:Tests.HomeDelivery@31c88ec8]" started-at="2021-10-16T16:51:36 IDT" name="CityValidTest" finished-at="2021-10-16T16:51:48 IDT" duration-ms="12041" status="PASS">
          <reporter-output>
          </reporter-output>
        </test-method> <!-- CityValidTest -->
        <test-method signature="AddMeal_1Test()[pri:3, instance:Tests.HomeDelivery@31c88ec8]" started-at="2021-10-16T16:51:48 IDT" name="AddMeal_1Test" finished-at="2021-10-16T16:51:52 IDT" depends-on-methods="Tests.HomeDelivery.CityValidTest" duration-ms="3856" status="PASS">
          <reporter-output>
          </reporter-output>
        </test-method> <!-- AddMeal_1Test -->
        <test-method signature="AddMeal_2Test()[pri:4, instance:Tests.HomeDelivery@31c88ec8]" started-at="2021-10-16T16:51:52 IDT" name="AddMeal_2Test" finished-at="2021-10-16T16:51:55 IDT" depends-on-methods="Tests.HomeDelivery.AddMeal_1Test" duration-ms="2792" status="PASS">
          <reporter-output>
          </reporter-output>
        </test-method> <!-- AddMeal_2Test -->
        <test-method signature="CleanCartTest()[pri:6, instance:Tests.HomeDelivery@31c88ec8]" started-at="2021-10-16T16:51:55 IDT" name="CleanCartTest" finished-at="2021-10-16T16:51:55 IDT" depends-on-methods="Tests.HomeDelivery.AddMeal_2Test" duration-ms="258" status="PASS">
          <reporter-output>
          </reporter-output>
        </test-method> <!-- CleanCartTest -->
        <test-method is-config="true" signature="afterClass()[pri:0, instance:Tests.HomeDelivery@31c88ec8]" started-at="2021-10-16T16:51:55 IDT" name="afterClass" finished-at="2021-10-16T16:51:57 IDT" duration-ms="1526" status="PASS">
          <reporter-output>
          </reporter-output>
        </test-method> <!-- afterClass -->
      </class> <!-- Tests.HomeDelivery -->
    </test> <!-- Default test -->
  </suite> <!-- Default suite -->
</testng-results>
