<?xml version="1.0" encoding="UTF-8"?>
<testng-results ignored="0" total="1" passed="0" failed="1" skipped="0">
  <reporter-output>
  </reporter-output>
  <suite started-at="2021-09-26T22:21:58 IDT" name="Default suite" finished-at="2021-09-26T22:22:06 IDT" duration-ms="8612">
    <groups>
    </groups>
    <test started-at="2021-09-26T22:21:58 IDT" name="Default test" finished-at="2021-09-26T22:22:06 IDT" duration-ms="8612">
      <class name="Tests.ChatOnLine">
        <test-method is-config="true" signature="beforeClass()[pri:0, instance:Tests.ChatOnLine@15c43bd9]" started-at="2021-09-26T22:21:58 IDT" name="beforeClass" finished-at="2021-09-26T22:22:03 IDT" duration-ms="5624" status="PASS">
          <reporter-output>
          </reporter-output>
        </test-method> <!-- beforeClass -->
        <test-method signature="ChatOnLineTest()[pri:0, instance:Tests.ChatOnLine@15c43bd9]" started-at="2021-09-26T22:22:03 IDT" name="ChatOnLineTest" finished-at="2021-09-26T22:22:04 IDT" duration-ms="796" status="FAIL">
          <exception class="java.lang.NullPointerException">
            <message>
              <![CDATA[Cannot invoke "Japanika.Functions.IdChat(com.aventstack.extentreports.ExtentTest, String, String)" because "Tests.ChatOnLine.func" is null]]>
            </message>
            <full-stacktrace>
              <![CDATA[java.lang.NullPointerException: Cannot invoke "Japanika.Functions.IdChat(com.aventstack.extentreports.ExtentTest, String, String)" because "Tests.ChatOnLine.func" is null
at Tests.ChatOnLine.ChatOnLineTest(ChatOnLine.java:45)
at java.base/jdk.internal.reflect.NativeMethodAccessorImpl.invoke0(Native Method)
at java.base/jdk.internal.reflect.NativeMethodAccessorImpl.invoke(NativeMethodAccessorImpl.java:78)
at java.base/jdk.internal.reflect.DelegatingMethodAccessorImpl.invoke(DelegatingMethodAccessorImpl.java:43)
at java.base/java.lang.reflect.Method.invoke(Method.java:567)
at org.testng.internal.MethodInvocationHelper.invokeMethod(MethodInvocationHelper.java:133)
at org.testng.internal.TestInvoker.invokeMethod(TestInvoker.java:598)
at org.testng.internal.TestInvoker.invokeTestMethod(TestInvoker.java:173)
at org.testng.internal.MethodRunner.runInSequence(MethodRunner.java:46)
at org.testng.internal.TestInvoker$MethodInvocationAgent.invoke(TestInvoker.java:824)
at org.testng.internal.TestInvoker.invokeTestMethods(TestInvoker.java:146)
at org.testng.internal.TestMethodWorker.invokeTestMethods(TestMethodWorker.java:146)
at org.testng.internal.TestMethodWorker.run(TestMethodWorker.java:128)
at java.base/java.util.ArrayList.forEach(ArrayList.java:1511)
at org.testng.TestRunner.privateRun(TestRunner.java:794)
at org.testng.TestRunner.run(TestRunner.java:596)
at org.testng.SuiteRunner.runTest(SuiteRunner.java:377)
at org.testng.SuiteRunner.runSequentially(SuiteRunner.java:371)
at org.testng.SuiteRunner.privateRun(SuiteRunner.java:332)
at org.testng.SuiteRunner.run(SuiteRunner.java:276)
at org.testng.SuiteRunnerWorker.runSuite(SuiteRunnerWorker.java:53)
at org.testng.SuiteRunnerWorker.run(SuiteRunnerWorker.java:96)
at org.testng.TestNG.runSuitesSequentially(TestNG.java:1212)
at org.testng.TestNG.runSuitesLocally(TestNG.java:1134)
at org.testng.TestNG.runSuites(TestNG.java:1063)
at org.testng.TestNG.run(TestNG.java:1031)
at org.testng.remote.AbstractRemoteTestNG.run(AbstractRemoteTestNG.java:115)
at org.testng.remote.RemoteTestNG.initAndRun(RemoteTestNG.java:251)
at org.testng.remote.RemoteTestNG.main(RemoteTestNG.java:77)
]]>
            </full-stacktrace>
          </exception> <!-- java.lang.NullPointerException -->
          <reporter-output>
          </reporter-output>
        </test-method> <!-- ChatOnLineTest -->
        <test-method is-config="true" signature="afterClass()[pri:0, instance:Tests.ChatOnLine@15c43bd9]" started-at="2021-09-26T22:22:04 IDT" name="afterClass" finished-at="2021-09-26T22:22:06 IDT" duration-ms="2127" status="PASS">
          <reporter-output>
          </reporter-output>
        </test-method> <!-- afterClass -->
      </class> <!-- Tests.ChatOnLine -->
    </test> <!-- Default test -->
  </suite> <!-- Default suite -->
</testng-results>
