<?xml version="1.0" encoding="UTF-8"?>
<testng-results ignored="0" total="1" passed="1" failed="0" skipped="0">
  <reporter-output>
  </reporter-output>
  <suite started-at="2021-09-21T12:10:39 IDT" name="Default suite" finished-at="2021-09-21T12:10:59 IDT" duration-ms="19366">
    <groups>
    </groups>
    <test started-at="2021-09-21T12:10:39 IDT" name="Default test" finished-at="2021-09-21T12:10:59 IDT" duration-ms="19366">
      <class name="Japanika.JapanikaRun">
        <test-method is-config="true" signature="beforeClass()[pri:0, instance:Japanika.JapanikaRun@41e36e46]" started-at="2021-09-21T12:10:40 IDT" name="beforeClass" finished-at="2021-09-21T12:10:45 IDT" duration-ms="5894" status="PASS">
          <reporter-output>
          </reporter-output>
        </test-method> <!-- beforeClass -->
        <test-method signature="test1()[pri:0, instance:Japanika.JapanikaRun@41e36e46]" started-at="2021-09-21T12:10:45 IDT" name="test1" finished-at="2021-09-21T12:10:58 IDT" duration-ms="12808" status="PASS">
          <reporter-output>
          </reporter-output>
        </test-method> <!-- test1 -->
        <test-method is-config="true" signature="afterClass()[pri:0, instance:Japanika.JapanikaRun@41e36e46]" started-at="2021-09-21T12:10:58 IDT" name="afterClass" finished-at="2021-09-21T12:10:59 IDT" duration-ms="603" status="PASS">
          <reporter-output>
          </reporter-output>
        </test-method> <!-- afterClass -->
      </class> <!-- Japanika.JapanikaRun -->
    </test> <!-- Default test -->
  </suite> <!-- Default suite -->
</testng-results>
