<?xml version="1.0" encoding="UTF-8"?>
<!-- Generated by org.testng.reporters.JUnitXMLReporter -->
<testsuite ignored="0" hostname="DESKTOP-V6QH7CG" failures="1" tests="8" name="Test2-Test9" time="37.188" errors="0" timestamp="2021-10-20T23:21:53 IDT">
  <testcase classname="Tests.HomeDelivery" name="CityNotValidTest" time="0.982">
    <failure type="java.lang.AssertionError" message="expected [2] but found [1]">
      <![CDATA[java.lang.AssertionError: expected [2] but found [1]
at Japanika.Functions.HomeDeliveryNotValid(Functions.java:42)
at Tests.HomeDelivery.CityNotValidTest(HomeDelivery.java:69)
at java.base/java.util.ArrayList.forEach(ArrayList.java:1511)
... Removed 33 stack frames]]>
    </failure>
  </testcase> <!-- CityNotValidTest -->
  <testcase classname="Tests.HomeDelivery" name="CityValidTest" time="12.139"/>
  <testcase classname="Tests.HomeDelivery" name="AddMeal_1Test" time="4.204"/>
  <testcase classname="Tests.HomeDelivery" name="AddMeal_2Test" time="2.6"/>
  <testcase classname="Tests.HomeDelivery" name="ChangeMealDetailTest" time="4.594"/>
  <testcase classname="Tests.HomeDelivery" name="RemoveItemTest" time="2.314"/>
  <testcase classname="Tests.HomeDelivery" name="CleanCartTest" time="0.249"/>
  <testcase classname="Tests.HomeDelivery" name="MinimumOrder" time="4.862"/>
</testsuite> <!-- Test2-Test9 -->
